{"level":"info","message":"[Collector] Fetching r/programming...","timestamp":"2026-04-18 10:01:10"}
{"level":"info","message":"[Collector] r/programming → 100 posts collectés","timestamp":"2026-04-18 10:01:12"}
{"level":"info","message":"[Collector] r/programming → 100 posts envoyés dans raw_posts","timestamp":"2026-04-18 10:01:12"}
{"level":"info","message":"[Collector] Post 1s9jkzi inséré dans posts_raw","timestamp":"2026-04-18 10:01:12"}
{"level":"info","message":"[Collector] Post 1qoxwdt inséré dans posts_raw","timestamp":"2026-04-18 10:01:12"}
{"level":"info","message":"[Collector] Post 1soazcx inséré dans posts_raw","timestamp":"2026-04-18 10:01:12"}
{"level":"info","message":"[Collector] Post 1so54le inséré dans posts_raw","timestamp":"2026-04-18 10:01:12"}
{"level":"info","message":"[Collector] Post 1so3k20 inséré dans posts_raw","timestamp":"2026-04-18 10:01:12"}
{"level":"info","message":"[Collector] Post 1soqmzq inséré dans posts_raw","timestamp":"2026-04-18 10:01:12"}
{"level":"info","message":"[Collector] Post 1snxmzt inséré dans posts_raw","timestamp":"2026-04-18 10:01:12"}
{"level":"info","message":"[Collector] Post 1snpz0y inséré dans posts_raw","timestamp":"2026-04-18 10:01:12"}
{"level":"info","message":"[Collector] Post 1so267k inséré dans posts_raw","timestamp":"2026-04-18 10:01:12"}
{"level":"info","message":"[Collector] Post 1sodwyd inséré dans posts_raw","timestamp":"2026-04-18 10:01:12"}
{"level":"info","message":"[Collector] Post 1smyun6 inséré dans posts_raw","timestamp":"2026-04-18 10:01:12"}
{"level":"info","message":"[Collector] Post 1snwezk inséré dans posts_raw","timestamp":"2026-04-18 10:01:12"}
{"level":"info","message":"[Collector] Post 1sooeox inséré dans posts_raw","timestamp":"2026-04-18 10:01:12"}
{"level":"info","message":"[Collector] Post 1so3fc1 inséré dans posts_raw","timestamp":"2026-04-18 10:01:12"}
{"level":"info","message":"[Collector] Post 1sn4yi9 inséré dans posts_raw","timestamp":"2026-04-18 10:01:12"}
{"level":"info","message":"[Collector] Post 1son1uf inséré dans posts_raw","timestamp":"2026-04-18 10:01:12"}
{"level":"info","message":"[Collector] Post 1sojxct inséré dans posts_raw","timestamp":"2026-04-18 10:01:12"}
{"level":"info","message":"[Collector] Post 1so5v1b inséré dans posts_raw","timestamp":"2026-04-18 10:01:12"}
{"level":"info","message":"[Collector] Post 1snukgu inséré dans posts_raw","timestamp":"2026-04-18 10:01:12"}
{"level":"info","message":"[Collector] Post 1sny8n4 inséré dans posts_raw","timestamp":"2026-04-18 10:01:12"}
{"level":"info","message":"[Collector] Post 1sny2r3 inséré dans posts_raw","timestamp":"2026-04-18 10:01:12"}
{"level":"info","message":"[Collector] Post 1snf7yw inséré dans posts_raw","timestamp":"2026-04-18 10:01:13"}
{"level":"info","message":"[Collector] Post 1smz4im inséré dans posts_raw","timestamp":"2026-04-18 10:01:13"}
{"level":"info","message":"[Collector] Post 1sn7pxe inséré dans posts_raw","timestamp":"2026-04-18 10:01:13"}
{"level":"info","message":"[Collector] Post 1snpyq3 inséré dans posts_raw","timestamp":"2026-04-18 10:01:13"}
{"level":"info","message":"[Collector] Post 1snvwk0 inséré dans posts_raw","timestamp":"2026-04-18 10:01:13"}
{"level":"info","message":"[Collector] Post 1sn4e7z inséré dans posts_raw","timestamp":"2026-04-18 10:01:13"}
{"level":"info","message":"[Collector] Post 1smpas2 inséré dans posts_raw","timestamp":"2026-04-18 10:01:13"}
{"level":"info","message":"[Collector] Post 1sn7pg2 inséré dans posts_raw","timestamp":"2026-04-18 10:01:13"}
{"level":"info","message":"[Collector] Post 1sng6aj inséré dans posts_raw","timestamp":"2026-04-18 10:01:13"}
{"level":"info","message":"[Collector] Post 1smqtd0 inséré dans posts_raw","timestamp":"2026-04-18 10:01:13"}
{"level":"info","message":"[Collector] Post 1sm5d83 inséré dans posts_raw","timestamp":"2026-04-18 10:01:13"}
{"level":"info","message":"[Collector] Post 1sn1h7z inséré dans posts_raw","timestamp":"2026-04-18 10:01:13"}
{"level":"info","message":"[Collector] Post 1sm01ev inséré dans posts_raw","timestamp":"2026-04-18 10:01:13"}
{"level":"info","message":"[Collector] Post 1smz1xw inséré dans posts_raw","timestamp":"2026-04-18 10:01:13"}
{"level":"info","message":"[Collector] Post 1smt6ph inséré dans posts_raw","timestamp":"2026-04-18 10:01:13"}
{"level":"info","message":"[Collector] Post 1smwekm inséré dans posts_raw","timestamp":"2026-04-18 10:01:13"}
{"level":"info","message":"[Collector] Post 1smfhf2 inséré dans posts_raw","timestamp":"2026-04-18 10:01:13"}
{"level":"info","message":"[Collector] Post 1sn25mc inséré dans posts_raw","timestamp":"2026-04-18 10:01:13"}
{"level":"info","message":"[Collector] Post 1smawxi inséré dans posts_raw","timestamp":"2026-04-18 10:01:13"}
{"level":"info","message":"[Collector] Post 1smw6wc inséré dans posts_raw","timestamp":"2026-04-18 10:01:13"}
{"level":"info","message":"[Collector] Post 1smwdmi inséré dans posts_raw","timestamp":"2026-04-18 10:01:13"}
{"level":"info","message":"[Collector] Post 1sl4erj inséré dans posts_raw","timestamp":"2026-04-18 10:01:13"}
{"level":"info","message":"[Collector] Post 1sm4eof inséré dans posts_raw","timestamp":"2026-04-18 10:01:13"}
{"level":"info","message":"[Collector] Post 1sl5h3v inséré dans posts_raw","timestamp":"2026-04-18 10:01:13"}
{"level":"info","message":"[Collector] Post 1sl0kfp inséré dans posts_raw","timestamp":"2026-04-18 10:01:13"}
{"level":"info","message":"[Collector] Post 1slas1j inséré dans posts_raw","timestamp":"2026-04-18 10:01:14"}
{"level":"info","message":"[Collector] Post 1sm97p6 inséré dans posts_raw","timestamp":"2026-04-18 10:01:14"}
{"level":"info","message":"[Collector] Post 1smcvmm inséré dans posts_raw","timestamp":"2026-04-18 10:01:14"}
{"level":"info","message":"[Collector] Post 1slab5m inséré dans posts_raw","timestamp":"2026-04-18 10:01:14"}
{"level":"info","message":"[Collector] Post 1sl7828 inséré dans posts_raw","timestamp":"2026-04-18 10:01:14"}
{"level":"info","message":"[Collector] Post 1skv31d inséré dans posts_raw","timestamp":"2026-04-18 10:01:14"}
{"level":"info","message":"[Collector] Post 1sl2pwy inséré dans posts_raw","timestamp":"2026-04-18 10:01:14"}
{"level":"info","message":"[Collector] Post 1slxyum inséré dans posts_raw","timestamp":"2026-04-18 10:01:14"}
{"level":"info","message":"[Collector] Post 1skg8vj inséré dans posts_raw","timestamp":"2026-04-18 10:01:14"}
{"level":"info","message":"[Collector] Post 1sl9d1m inséré dans posts_raw","timestamp":"2026-04-18 10:01:14"}
{"level":"info","message":"[Collector] Post 1sl77ob inséré dans posts_raw","timestamp":"2026-04-18 10:01:14"}
{"level":"info","message":"[Collector] Post 1skfad3 inséré dans posts_raw","timestamp":"2026-04-18 10:01:14"}
{"level":"info","message":"[Collector] Post 1sk9bhg inséré dans posts_raw","timestamp":"2026-04-18 10:01:14"}
{"level":"info","message":"[Collector] Post 1slb9vr inséré dans posts_raw","timestamp":"2026-04-18 10:01:14"}
{"level":"info","message":"[Collector] Post 1sla7ww inséré dans posts_raw","timestamp":"2026-04-18 10:01:14"}
{"level":"info","message":"[Collector] Post 1skinph inséré dans posts_raw","timestamp":"2026-04-18 10:01:14"}
{"level":"info","message":"[Collector] Post 1skpqsm inséré dans posts_raw","timestamp":"2026-04-18 10:01:14"}
{"level":"info","message":"[Collector] Post 1sl9y8e inséré dans posts_raw","timestamp":"2026-04-18 10:01:14"}
{"level":"info","message":"[Collector] Post 1skf32o inséré dans posts_raw","timestamp":"2026-04-18 10:01:14"}
{"level":"info","message":"[Collector] Post 1sl4n6o inséré dans posts_raw","timestamp":"2026-04-18 10:01:14"}
{"level":"info","message":"[Collector] Post 1sl4m6b inséré dans posts_raw","timestamp":"2026-04-18 10:01:14"}
{"level":"info","message":"[Collector] Post 1skd09v inséré dans posts_raw","timestamp":"2026-04-18 10:01:14"}
{"level":"info","message":"[Collector] Post 1sk7x9j inséré dans posts_raw","timestamp":"2026-04-18 10:01:14"}
{"level":"info","message":"[Collector] Post 1sk5bxw inséré dans posts_raw","timestamp":"2026-04-18 10:01:14"}
{"level":"info","message":"[Collector] Post 1sl95v7 inséré dans posts_raw","timestamp":"2026-04-18 10:01:14"}
{"level":"info","message":"[Collector] Post 1sl54mp inséré dans posts_raw","timestamp":"2026-04-18 10:01:14"}
{"level":"info","message":"[Collector] Post 1sk962j inséré dans posts_raw","timestamp":"2026-04-18 10:01:14"}
{"level":"info","message":"[Collector] Post 1sk33di inséré dans posts_raw","timestamp":"2026-04-18 10:01:14"}
{"level":"info","message":"[Collector] Post 1skyfhd inséré dans posts_raw","timestamp":"2026-04-18 10:01:14"}
{"level":"info","message":"[Collector] Post 1sjg9v6 inséré dans posts_raw","timestamp":"2026-04-18 10:01:14"}
{"level":"info","message":"[Collector] Post 1skv6os inséré dans posts_raw","timestamp":"2026-04-18 10:01:14"}
{"level":"info","message":"[Collector] Post 1sjcn1s inséré dans posts_raw","timestamp":"2026-04-18 10:01:14"}
{"level":"info","message":"[Collector] Post 1sjh53k inséré dans posts_raw","timestamp":"2026-04-18 10:01:14"}
{"level":"info","message":"[Collector] Post 1sipvi3 inséré dans posts_raw","timestamp":"2026-04-18 10:01:14"}
{"level":"info","message":"[Collector] Post 1sjeqz3 inséré dans posts_raw","timestamp":"2026-04-18 10:01:14"}
{"level":"info","message":"[Collector] Post 1sjo52g inséré dans posts_raw","timestamp":"2026-04-18 10:01:14"}
{"level":"info","message":"[Collector] Post 1sjol7h inséré dans posts_raw","timestamp":"2026-04-18 10:01:14"}
{"level":"info","message":"[Collector] Post 1sjcdya inséré dans posts_raw","timestamp":"2026-04-18 10:01:14"}
{"level":"info","message":"[Collector] Post 1shxle1 inséré dans posts_raw","timestamp":"2026-04-18 10:01:14"}
{"level":"info","message":"[Collector] Post 1shroof inséré dans posts_raw","timestamp":"2026-04-18 10:01:14"}
{"level":"info","message":"[Collector] Post 1shmtl3 inséré dans posts_raw","timestamp":"2026-04-18 10:01:14"}
{"level":"info","message":"[Collector] Post 1shu7ta inséré dans posts_raw","timestamp":"2026-04-18 10:01:14"}
{"level":"info","message":"[Collector] Post 1sijeo8 inséré dans posts_raw","timestamp":"2026-04-18 10:01:14"}
{"level":"info","message":"[Collector] Post 1sgzwez inséré dans posts_raw","timestamp":"2026-04-18 10:01:14"}
{"level":"info","message":"[Collector] Post 1sh4li2 inséré dans posts_raw","timestamp":"2026-04-18 10:01:14"}
{"level":"info","message":"[Collector] Post 1sh4ehp inséré dans posts_raw","timestamp":"2026-04-18 10:01:14"}
{"level":"info","message":"[Collector] Post 1sgnbec inséré dans posts_raw","timestamp":"2026-04-18 10:01:14"}
{"level":"info","message":"[Collector] Post 1sgtkdf inséré dans posts_raw","timestamp":"2026-04-18 10:01:14"}
{"level":"info","message":"[Collector] Post 1shkw31 inséré dans posts_raw","timestamp":"2026-04-18 10:01:14"}
{"level":"info","message":"[Collector] Post 1sgqbl6 inséré dans posts_raw","timestamp":"2026-04-18 10:01:14"}
{"level":"info","message":"[Collector] Post 1si4gj5 inséré dans posts_raw","timestamp":"2026-04-18 10:01:14"}
{"level":"info","message":"[Collector] Post 1sgx97c inséré dans posts_raw","timestamp":"2026-04-18 10:01:14"}
{"level":"info","message":"[Collector] Post 1sgmxq2 inséré dans posts_raw","timestamp":"2026-04-18 10:01:14"}
{"level":"info","message":"[Collector] Post 1sg5gss inséré dans posts_raw","timestamp":"2026-04-18 10:01:14"}
